[
  {
    "options": [],
    "name": "join",
    "description": "Join user's voice channel"
  },
  {
    "options": [],
    "name": "ping",
    "description": "Replies with Pong!"
  },
  {
    "options": [
      {
        "type": 3,
        "name": "song",
        "description": "Song name to search",
        "required": false
      }
    ],
    "name": "play",
    "description": "Play something!"
  },
  {
    "options": [],
    "name": "stats",
    "description": "Replies with bot's stats!"
  },
  {
    "options": [],
    "name": "stop",
    "description": "Stop playing and leave voice channel"
  }
]