{
  "id": "754365075808059464",
  "name": "💫Học trò thầy Hùng",
  "icon": "239ca5ad6348c2aed58a1c0336fb1575",
  "features": [
    "TEXT_IN_VOICE_ENABLED",
    "WELCOME_SCREEN_ENABLED",
    "THREADS_ENABLED",
    "NEW_THREAD_PERMISSIONS"
  ],
  "commands": [],
  "members": [
    "591679015291715594",
    "116275390695079945",
    "184405311681986560",
    "213466096718708737",
    "282859044593598464",
    "408785106942164992",
    "421948908546162698",
    "489076647727857685",
    "667067266428436481",
    "690843293097132032",
    "692742445263355995",
    "695252693991817236",
    "696660691825721425",
    "696895998550867989",
    "696982647443947591",
    "697815889923276881",
    "754006195735494737",
    "754007518841143348",
    "754367334625312839",
    "754372676004479016",
    "755460328803795056",
    "778990828969394207",
    "813772467637583922",
    "883355227519057920"
  ],
  "channels": [
    "754365075808059465",
    "754365075808059466",
    "754365075808059468",
    "754365075808059469",
    "754365075808059470",
    "882309663180324875",
    "882519985216446516",
    "891297855812280401",
    "892101451424342106",
    "920637720450203668",
    "965300519482581062",
    "966608721750949928"
  ],
  "bans": [],
  "roles": [
    "754365075808059464",
    "882300664082997258",
    "882301479472468010",
    "882301990359662644",
    "882302056885534790",
    "882303085874151466",
    "882303343836422184",
    "882304068159168572",
    "882520982810677289",
    "882658338649829387",
    "883333717991497740",
    "885190667674984498",
    "890590751833079849",
    "891292318232100906",
    "891718360621010964",
    "892094990182940683",
    "892096825371283507",
    "892242178317897749",
    "893131427540000799",
    "916397501207158825",
    "986125978663268355"
  ],
  "stageInstances": [],
  "invites": [],
  "scheduledEvents": [],
  "shardId": 0,
  "splash": null,
  "banner": null,
  "description": null,
  "verificationLevel": "HIGH",
  "vanityURLCode": null,
  "nsfwLevel": "DEFAULT",
  "premiumSubscriptionCount": 0,
  "discoverySplash": null,
  "memberCount": 24,
  "large": false,
  "premiumProgressBarEnabled": false,
  "applicationId": null,
  "afkTimeout": 60,
  "afkChannelId": null,
  "systemChannelId": "882309663180324875",
  "premiumTier": "NONE",
  "explicitContentFilter": "DISABLED",
  "mfaLevel": "NONE",
  "joinedTimestamp": 1655181154693,
  "defaultMessageNotifications": "ONLY_MENTIONS",
  "systemChannelFlags": 0,
  "maximumMembers": 500000,
  "maximumPresences": null,
  "approximateMemberCount": null,
  "approximatePresenceCount": null,
  "vanityURLUses": null,
  "rulesChannelId": null,
  "publicUpdatesChannelId": null,
  "preferredLocale": "vi",
  "ownerId": "690843293097132032",
  "emojis": [
    "883028444223520849",
    "883278186065047553",
    "890922193167458355"
  ],
  "stickers": [],
  "createdTimestamp": 1599925049498,
  "nameAcronym": "💫HọctòtầyHùn",
  "iconURL": "https://cdn.discordapp.com/icons/754365075808059464/239ca5ad6348c2aed58a1c0336fb1575.webp",
  "splashURL": null,
  "discoverySplashURL": null,
  "bannerURL": null
}