{
  "_readableState": {
    "objectMode": true,
    "highWaterMark": 16,
    "buffer": {
      "head": null,
      "tail": null,
      "length": 0
    },
    "length": 0,
    "pipes": [],
    "flowing": null,
    "ended": false,
    "endEmitted": false,
    "reading": false,
    "constructed": true,
    "sync": false,
    "needReadable": false,
    "emittedReadable": false,
    "readableListening": false,
    "resumeScheduled": false,
    "errorEmitted": false,
    "emitClose": true,
    "autoDestroy": true,
    "destroyed": false,
    "errored": null,
    "closed": false,
    "closeEmitted": false,
    "defaultEncoding": "utf8",
    "awaitDrainWriters": null,
    "multiAwaitDrain": false,
    "readingMore": false,
    "dataEmitted": false,
    "decoder": null,
    "encoding": null
  },
  "_events": {
    "close": [
      null,
      null,
      null
    ],
    "finish": [
      null,
      null
    ],
    "error": [
      null,
      null
    ]
  },
  "_eventsCount": 6,
  "_writableState": {
    "objectMode": false,
    "highWaterMark": 16384,
    "finalCalled": false,
    "needDrain": false,
    "ending": false,
    "ended": false,
    "finished": false,
    "destroyed": false,
    "decodeStrings": true,
    "defaultEncoding": "utf8",
    "length": 0,
    "writing": false,
    "corked": 0,
    "sync": true,
    "bufferProcessing": false,
    "writecb": null,
    "writelen": 0,
    "afterWriteTickInfo": null,
    "buffered": [],
    "bufferedIndex": 0,
    "allBuffers": true,
    "allNoop": true,
    "pendingcb": 0,
    "constructed": true,
    "prefinished": false,
    "errorEmitted": false,
    "emitClose": true,
    "autoDestroy": true,
    "errored": null,
    "closed": false,
    "closeEmitted": false
  },
  "allowHalfOpen": true,
  "_remainder": null,
  "_length": 0,
  "_count": 0,
  "_skipUntil": null,
  "_track": null,
  "_incompleteTrack": {},
  "_ebmlFound": false
}